(node:10188) UnhandledPromiseRejectionWarning: Error [ERR_HTTP_HEADERS_SENT]: Cannot set headers after they are sent to the client
    at ServerResponse.setHeader (_http_outgoing.js:530:11)
    at ServerResponse.header (/var/www/html/Meety-api/node_modules/express/lib/response.js:767:10)
    at ServerResponse.send (/var/www/html/Meety-api/node_modules/express/lib/response.js:170:12)
    at ServerResponse.json (/var/www/html/Meety-api/node_modules/express/lib/response.js:267:15)
    at ServerResponse.send (/var/www/html/Meety-api/node_modules/express/lib/response.js:158:21)
    at Response._ErrorMessage (/var/www/html/Meety-api/utils/response.js:14:43)
    at new SpErrorHandler (/var/www/html/Meety-api/utils/error-handler.js:74:65)
    at createUser (/var/www/html/Meety-api/controllers/user.controller.js:189:13)
    at processTicksAndRejections (internal/process/task_queues.js:97:5)
(node:10188) UnhandledPromiseRejectionWarning: Unhandled promise rejection. This error originated either by throwing inside of an async function without a catch block, or by rejecting a promise which was not handled with .catch(). To terminate the node process on unhandled promise rejection, use the CLI flag `--unhandled-rejections=strict` (see https://nodejs.org/api/cli.html#cli_unhandled_rejections_mode). (rejection id: 1)
(node:10188) [DEP0018] DeprecationWarning: Unhandled promise rejections are deprecated. In the future, promise rejections that are not handled will terminate the Node.js process with a non-zero exit code.
(node:10188) UnhandledPromiseRejectionWarning: Error [ERR_HTTP_HEADERS_SENT]: Cannot set headers after they are sent to the client
    at ServerResponse.setHeader (_http_outgoing.js:530:11)
    at ServerResponse.header (/var/www/html/Meety-api/node_modules/express/lib/response.js:767:10)
    at ServerResponse.send (/var/www/html/Meety-api/node_modules/express/lib/response.js:170:12)
    at ServerResponse.json (/var/www/html/Meety-api/node_modules/express/lib/response.js:267:15)
    at ServerResponse.send (/var/www/html/Meety-api/node_modules/express/lib/response.js:158:21)
    at Response._ErrorMessage (/var/www/html/Meety-api/utils/response.js:14:43)
    at new SpErrorHandler (/var/www/html/Meety-api/utils/error-handler.js:74:65)
    at createUser (/var/www/html/Meety-api/controllers/user.controller.js:189:13)
    at processTicksAndRejections (internal/process/task_queues.js:97:5)
(node:10188) UnhandledPromiseRejectionWarning: Unhandled promise rejection. This error originated either by throwing inside of an async function without a catch block, or by rejecting a promise which was not handled with .catch(). To terminate the node process on unhandled promise rejection, use the CLI flag `--unhandled-rejections=strict` (see https://nodejs.org/api/cli.html#cli_unhandled_rejections_mode). (rejection id: 2)
(node:10188) UnhandledPromiseRejectionWarning: Error [ERR_HTTP_HEADERS_SENT]: Cannot set headers after they are sent to the client
    at ServerResponse.setHeader (_http_outgoing.js:530:11)
    at ServerResponse.header (/var/www/html/Meety-api/node_modules/express/lib/response.js:767:10)
    at ServerResponse.send (/var/www/html/Meety-api/node_modules/express/lib/response.js:170:12)
    at ServerResponse.json (/var/www/html/Meety-api/node_modules/express/lib/response.js:267:15)
    at ServerResponse.send (/var/www/html/Meety-api/node_modules/express/lib/response.js:158:21)
    at Response._ErrorMessage (/var/www/html/Meety-api/utils/response.js:14:43)
    at new SpErrorHandler (/var/www/html/Meety-api/utils/error-handler.js:74:65)
    at createUser (/var/www/html/Meety-api/controllers/user.controller.js:189:13)
    at runMicrotasks (<anonymous>)
    at processTicksAndRejections (internal/process/task_queues.js:97:5)
(node:10188) UnhandledPromiseRejectionWarning: Unhandled promise rejection. This error originated either by throwing inside of an async function without a catch block, or by rejecting a promise which was not handled with .catch(). To terminate the node process on unhandled promise rejection, use the CLI flag `--unhandled-rejections=strict` (see https://nodejs.org/api/cli.html#cli_unhandled_rejections_mode). (rejection id: 3)
(node:10188) UnhandledPromiseRejectionWarning: Error [ERR_HTTP_HEADERS_SENT]: Cannot set headers after they are sent to the client
    at ServerResponse.setHeader (_http_outgoing.js:530:11)
    at ServerResponse.header (/var/www/html/Meety-api/node_modules/express/lib/response.js:767:10)
    at ServerResponse.send (/var/www/html/Meety-api/node_modules/express/lib/response.js:170:12)
    at ServerResponse.json (/var/www/html/Meety-api/node_modules/express/lib/response.js:267:15)
    at ServerResponse.send (/var/www/html/Meety-api/node_modules/express/lib/response.js:158:21)
    at Response._ErrorMessage (/var/www/html/Meety-api/utils/response.js:14:43)
    at new SpErrorHandler (/var/www/html/Meety-api/utils/error-handler.js:74:65)
    at createUser (/var/www/html/Meety-api/controllers/user.controller.js:189:13)
    at runMicrotasks (<anonymous>)
    at processTicksAndRejections (internal/process/task_queues.js:97:5)
(node:10188) UnhandledPromiseRejectionWarning: Unhandled promise rejection. This error originated either by throwing inside of an async function without a catch block, or by rejecting a promise which was not handled with .catch(). To terminate the node process on unhandled promise rejection, use the CLI flag `--unhandled-rejections=strict` (see https://nodejs.org/api/cli.html#cli_unhandled_rejections_mode). (rejection id: 4)
(node:10188) UnhandledPromiseRejectionWarning: Error [ERR_HTTP_HEADERS_SENT]: Cannot set headers after they are sent to the client
    at ServerResponse.setHeader (_http_outgoing.js:530:11)
    at ServerResponse.header (/var/www/html/Meety-api/node_modules/express/lib/response.js:767:10)
    at ServerResponse.send (/var/www/html/Meety-api/node_modules/express/lib/response.js:170:12)
    at ServerResponse.json (/var/www/html/Meety-api/node_modules/express/lib/response.js:267:15)
    at ServerResponse.send (/var/www/html/Meety-api/node_modules/express/lib/response.js:158:21)
    at Response._ErrorMessage (/var/www/html/Meety-api/utils/response.js:14:43)
    at new SpErrorHandler (/var/www/html/Meety-api/utils/error-handler.js:74:65)
    at createUser (/var/www/html/Meety-api/controllers/user.controller.js:189:13)
    at runMicrotasks (<anonymous>)
    at processTicksAndRejections (internal/process/task_queues.js:97:5)
(node:10188) UnhandledPromiseRejectionWarning: Unhandled promise rejection. This error originated either by throwing inside of an async function without a catch block, or by rejecting a promise which was not handled with .catch(). To terminate the node process on unhandled promise rejection, use the CLI flag `--unhandled-rejections=strict` (see https://nodejs.org/api/cli.html#cli_unhandled_rejections_mode). (rejection id: 5)
(node:10188) UnhandledPromiseRejectionWarning: Error [ERR_HTTP_HEADERS_SENT]: Cannot set headers after they are sent to the client
    at ServerResponse.setHeader (_http_outgoing.js:530:11)
    at ServerResponse.header (/var/www/html/Meety-api/node_modules/express/lib/response.js:767:10)
    at ServerResponse.send (/var/www/html/Meety-api/node_modules/express/lib/response.js:170:12)
    at ServerResponse.json (/var/www/html/Meety-api/node_modules/express/lib/response.js:267:15)
    at ServerResponse.send (/var/www/html/Meety-api/node_modules/express/lib/response.js:158:21)
    at Response._ErrorMessage (/var/www/html/Meety-api/utils/response.js:14:43)
    at new SpErrorHandler (/var/www/html/Meety-api/utils/error-handler.js:74:65)
    at createUser (/var/www/html/Meety-api/controllers/user.controller.js:189:13)
    at runMicrotasks (<anonymous>)
    at processTicksAndRejections (internal/process/task_queues.js:97:5)
(node:10188) UnhandledPromiseRejectionWarning: Unhandled promise rejection. This error originated either by throwing inside of an async function without a catch block, or by rejecting a promise which was not handled with .catch(). To terminate the node process on unhandled promise rejection, use the CLI flag `--unhandled-rejections=strict` (see https://nodejs.org/api/cli.html#cli_unhandled_rejections_mode). (rejection id: 6)
